[INFO] 2025-08-15 22:01:18,117 - TaskManager - Task created | message_id: 1 | task: 'Check system health status' | extra: {"priority": "medium", "estimated_duration": "5min"}
[INFO] 2025-08-15 22:01:25,920 - TaskManager - Task created | message_id: 2 | task: 'Create a task schedule for today' | extra: {"priority": "medium", "estimated_duration": "5min"}
[INFO] 2025-08-15 22:01:32,044 - TaskManager - Task created | message_id: 3 | task: 'Create a task schedule for today' | extra: {"priority": "medium", "estimated_duration": "5min"}
[INFO] 2025-08-15 22:01:34,815 - TaskManager - Task created | message_id: 4 | task: 'Process the uploaded document' | extra: {"priority": "medium", "estimated_duration": "5min"}
[INFO] 2025-08-15 22:01:38,789 - TaskManager - Delegating task to OllamaAgent | message_id: 5 | extra: {"task_type": "analysis", "timeout": 30}
[INFO] 2025-08-15 22:01:43,830 - TaskManager - Task created | message_id: 6 | task: 'Process the uploaded document' | extra: {"priority": "medium", "estimated_duration": "5min"}
[INFO] 2025-08-15 22:01:49,760 - TaskManager - Task created | message_id: 7 | task: 'Process the uploaded document' | extra: {"priority": "medium", "estimated_duration": "5min"}
[WARNING] 2025-08-15 22:01:53,120 - TaskManager - Warning | message_id: 8 | warning: 'Connection timeout to external service' | extra: {"retry_after": "5s"}
[INFO] 2025-08-15 22:02:07,276 - TaskManager - Task created | message_id: 10 | task: 'Check system health status' | extra: {"priority": "medium", "estimated_duration": "5min"}
[INFO] 2025-08-15 22:02:21,401 - TaskManager - Task created | message_id: 13 | task: 'Check system health status' | extra: {"priority": "medium", "estimated_duration": "5min"}
[INFO] 2025-08-15 22:02:24,217 - TaskManager - Task created | message_id: 14 | task: 'Analyze the current market trends' | extra: {"priority": "medium", "estimated_duration": "5min"}
[INFO] 2025-08-15 22:02:27,856 - TaskManager - Task created | message_id: 15 | task: 'Check system health status' | extra: {"priority": "medium", "estimated_duration": "5min"}
[INFO] 2025-08-15 22:02:46,302 - TaskManager - Delegating task to OllamaAgent | message_id: 18 | extra: {"task_type": "analysis", "timeout": 30}
[INFO] 2025-08-15 22:02:50,372 - TaskManager - Task created | message_id: 19 | task: 'Create a task schedule for today' | extra: {"priority": "medium", "estimated_duration": "5min"}
[INFO] 2025-08-15 22:03:05,154 - TaskManager - Task created | message_id: 21 | task: 'Generate a summary of recent logs' | extra: {"priority": "medium", "estimated_duration": "5min"}
[INFO] 2025-08-15 22:04:21,439 - TaskManager - Task created | message_id: 1 | task: 'Process the uploaded document' | extra: {"priority": "medium", "estimated_duration": "5min"}
[INFO] 2025-08-15 22:04:33,446 - TaskManager - Task created | message_id: 3 | task: 'Generate a summary of recent logs' | extra: {"priority": "medium", "estimated_duration": "5min"}
[INFO] 2025-08-15 22:04:42,829 - TaskManager - Task created | message_id: 5 | task: 'Create a task schedule for today' | extra: {"priority": "medium", "estimated_duration": "5min"}
[INFO] 2025-08-15 22:04:45,373 - TaskManager - Delegating task to OllamaAgent | message_id: 6 | extra: {"task_type": "analysis", "timeout": 30}
[INFO] 2025-08-15 22:04:52,945 - TaskManager - Delegating task to OllamaAgent | message_id: 7 | extra: {"task_type": "analysis", "timeout": 30}
[INFO] 2025-08-15 22:04:57,526 - TaskManager - Task created | message_id: 8 | task: 'Process the uploaded document' | extra: {"priority": "medium", "estimated_duration": "5min"}
[INFO] 2025-08-15 22:05:26,436 - TaskManager - Delegating task to OllamaAgent | message_id: 14 | extra: {"task_type": "analysis", "timeout": 30}
[INFO] 2025-08-15 22:05:33,935 - TaskManager - Task created | message_id: 15 | task: 'Generate a summary of recent logs' | extra: {"priority": "medium", "estimated_duration": "5min"}
